âœ  raft1 git:(main) âœ— go test -run 3A
2025/05/20 20:16:09 server 0 reset ele time 20:16:10.675
2025/05/20 20:16:09 server 1 reset ele time 20:16:10.920
2025/05/20 20:16:09 server 2 reset ele time 20:16:10.544
2025/05/20 20:16:09 ==== server 0 is reconnected ====
2025/05/20 20:16:09 ==== server 1 is reconnected ====
2025/05/20 20:16:09 ==== server 2 is reconnected ====
Test (3A): initial election (reliable network)...
2025/05/20 20:16:10 server 2 starts election
2025/05/20 20:16:10 server 2 reset ele time 20:16:11.649
2025/05/20 20:16:10 server 2 received vote from 1
2025/05/20 20:16:10 server 2 received vote from 0
2025/05/20 20:16:10 server 2 become leader
2025/05/20 20:16:10 server 2 try to send heartbeat to 1, prev_index 0, term 1
2025/05/20 20:16:10 server 2 try to send heartbeat to 0, prev_index 0, term 1
2025/05/20 20:16:10 server 1 received heartbeats from 2, prev_index 0, term 1, leadercommit 0
2025/05/20 20:16:10 server 1 reset ele time 20:16:12.375
2025/05/20 20:16:10 server 0 received heartbeats from 2, prev_index 0, term 1, leadercommit 0
2025/05/20 20:16:10 server 0 reset ele time 20:16:11.665
2025/05/20 20:16:10 server 2 try to send heartbeat to 0, prev_index 0, term 1
2025/05/20 20:16:10 server 2 try to send heartbeat to 1, prev_index 0, term 1
2025/05/20 20:16:10 server 1 received heartbeats from 2, prev_index 0, term 1, leadercommit 0
2025/05/20 20:16:10 server 1 reset ele time 20:16:12.358
2025/05/20 20:16:10 server 0 received heartbeats from 2, prev_index 0, term 1, leadercommit 0
2025/05/20 20:16:10 server 0 reset ele time 20:16:12.352
2025/05/20 20:16:11 server 2 try to send heartbeat to 1, prev_index 0, term 1
2025/05/20 20:16:11 server 2 try to send heartbeat to 0, prev_index 0, term 1
2025/05/20 20:16:11 server 1 received heartbeats from 2, prev_index 0, term 1, leadercommit 0
2025/05/20 20:16:11 server 1 reset ele time 20:16:12.351
2025/05/20 20:16:11 server 0 received heartbeats from 2, prev_index 0, term 1, leadercommit 0
2025/05/20 20:16:11 server 0 reset ele time 20:16:12.227
2025/05/20 20:16:11 server 2 try to send heartbeat to 1, prev_index 0, term 1
2025/05/20 20:16:11 server 2 try to send heartbeat to 0, prev_index 0, term 1
2025/05/20 20:16:11 server 0 received heartbeats from 2, prev_index 0, term 1, leadercommit 0
2025/05/20 20:16:11 server 0 reset ele time 20:16:12.993
2025/05/20 20:16:11 server 1 received heartbeats from 2, prev_index 0, term 1, leadercommit 0
2025/05/20 20:16:11 server 1 reset ele time 20:16:12.869
2025/05/20 20:16:11 server 2 try to send heartbeat to 0, prev_index 0, term 1
2025/05/20 20:16:11 server 2 try to send heartbeat to 1, prev_index 0, term 1
2025/05/20 20:16:11 server 0 received heartbeats from 2, prev_index 0, term 1, leadercommit 0
2025/05/20 20:16:11 server 0 reset ele time 20:16:13.311
2025/05/20 20:16:11 server 1 received heartbeats from 2, prev_index 0, term 1, leadercommit 0
2025/05/20 20:16:11 server 1 reset ele time 20:16:12.930
2025/05/20 20:16:11 server 2 try to send heartbeat to 0, prev_index 0, term 1
2025/05/20 20:16:11 server 2 try to send heartbeat to 1, prev_index 0, term 1
2025/05/20 20:16:11 server 1 received heartbeats from 2, prev_index 0, term 1, leadercommit 0
2025/05/20 20:16:11 server 1 reset ele time 20:16:13.608
2025/05/20 20:16:11 server 0 received heartbeats from 2, prev_index 0, term 1, leadercommit 0
2025/05/20 20:16:11 server 0 reset ele time 20:16:12.686
2025/05/20 20:16:11 server 2 try to send heartbeat to 1, prev_index 0, term 1
2025/05/20 20:16:11 server 2 try to send heartbeat to 0, prev_index 0, term 1
2025/05/20 20:16:11 server 0 received heartbeats from 2, prev_index 0, term 1, leadercommit 0
2025/05/20 20:16:11 server 0 reset ele time 20:16:13.958
2025/05/20 20:16:11 server 1 received heartbeats from 2, prev_index 0, term 1, leadercommit 0
2025/05/20 20:16:11 server 1 reset ele time 20:16:13.392
2025/05/20 20:16:12 server 2 try to send heartbeat to 1, prev_index 0, term 1
2025/05/20 20:16:12 server 2 try to send heartbeat to 0, prev_index 0, term 1
2025/05/20 20:16:12 server 1 received heartbeats from 2, prev_index 0, term 1, leadercommit 0
2025/05/20 20:16:12 server 1 reset ele time 20:16:13.051
2025/05/20 20:16:12 server 0 received heartbeats from 2, prev_index 0, term 1, leadercommit 0
2025/05/20 20:16:12 server 0 reset ele time 20:16:13.065
2025/05/20 20:16:12 server 2 try to send heartbeat to 1, prev_index 0, term 1
2025/05/20 20:16:12 server 2 try to send heartbeat to 0, prev_index 0, term 1
2025/05/20 20:16:12 server 0 received heartbeats from 2, prev_index 0, term 1, leadercommit 0
2025/05/20 20:16:12 server 0 reset ele time 20:16:13.283
2025/05/20 20:16:12 server 1 received heartbeats from 2, prev_index 0, term 1, leadercommit 0
2025/05/20 20:16:12 server 1 reset ele time 20:16:14.108
2025/05/20 20:16:12 server 2 try to send heartbeat to 1, prev_index 0, term 1
2025/05/20 20:16:12 server 2 try to send heartbeat to 0, prev_index 0, term 1
2025/05/20 20:16:12 server 1 received heartbeats from 2, prev_index 0, term 1, leadercommit 0
2025/05/20 20:16:12 server 1 reset ele time 20:16:13.878
2025/05/20 20:16:12 server 0 received heartbeats from 2, prev_index 0, term 1, leadercommit 0
2025/05/20 20:16:12 server 0 reset ele time 20:16:13.540
2025/05/20 20:16:12 server 2 try to send heartbeat to 1, prev_index 0, term 1
2025/05/20 20:16:12 server 2 try to send heartbeat to 0, prev_index 0, term 1
2025/05/20 20:16:12 server 0 received heartbeats from 2, prev_index 0, term 1, leadercommit 0
2025/05/20 20:16:12 server 1 received heartbeats from 2, prev_index 0, term 1, leadercommit 0
2025/05/20 20:16:12 server 1 reset ele time 20:16:13.487
2025/05/20 20:16:12 server 0 reset ele time 20:16:14.350
2025/05/20 20:16:12 server 2 try to send heartbeat to 1, prev_index 0, term 1
2025/05/20 20:16:12 server 2 try to send heartbeat to 0, prev_index 0, term 1
2025/05/20 20:16:12 server 1 received heartbeats from 2, prev_index 0, term 1, leadercommit 0
2025/05/20 20:16:12 server 1 reset ele time 20:16:14.439
2025/05/20 20:16:12 server 0 received heartbeats from 2, prev_index 0, term 1, leadercommit 0
2025/05/20 20:16:12 server 0 reset ele time 20:16:14.545
2025/05/20 20:16:12 server 2 try to send heartbeat to 1, prev_index 0, term 1
2025/05/20 20:16:12 server 2 try to send heartbeat to 0, prev_index 0, term 1
2025/05/20 20:16:12 server 0 received heartbeats from 2, prev_index 0, term 1, leadercommit 0
2025/05/20 20:16:12 server 0 reset ele time 20:16:14.292
2025/05/20 20:16:12 server 1 received heartbeats from 2, prev_index 0, term 1, leadercommit 0
2025/05/20 20:16:12 server 1 reset ele time 20:16:14.201
2025/05/20 20:16:12 server 2 try to send heartbeat to 1, prev_index 0, term 1
2025/05/20 20:16:12 server 2 try to send heartbeat to 0, prev_index 0, term 1
2025/05/20 20:16:12 server 0 received heartbeats from 2, prev_index 0, term 1, leadercommit 0
2025/05/20 20:16:12 server 0 reset ele time 20:16:14.589
2025/05/20 20:16:12 server 1 received heartbeats from 2, prev_index 0, term 1, leadercommit 0
2025/05/20 20:16:12 server 1 reset ele time 20:16:14.034
2025/05/20 20:16:13 server 2 try to send heartbeat to 0, prev_index 0, term 1
2025/05/20 20:16:13 server 2 try to send heartbeat to 1, prev_index 0, term 1
2025/05/20 20:16:13 server 1 received heartbeats from 2, prev_index 0, term 1, leadercommit 0
2025/05/20 20:16:13 server 1 reset ele time 20:16:14.864
2025/05/20 20:16:13 server 0 received heartbeats from 2, prev_index 0, term 1, leadercommit 0
2025/05/20 20:16:13 server 0 reset ele time 20:16:14.511
  ... Passed --   4.1  3    32    0
2025/05/20 20:16:13 server 0 reset ele time 20:16:15.141
2025/05/20 20:16:13 server 1 reset ele time 20:16:14.457
2025/05/20 20:16:13 server 2 reset ele time 20:16:15.182
2025/05/20 20:16:13 ==== server 0 is reconnected ====
2025/05/20 20:16:13 ==== server 1 is reconnected ====
2025/05/20 20:16:13 ==== server 2 is reconnected ====
Test (3A): election after network failure (reliable network)...
2025/05/20 20:16:14 server 1 starts election
2025/05/20 20:16:14 server 1 reset ele time 20:16:15.597
2025/05/20 20:16:14 server 1 received vote from 2
2025/05/20 20:16:14 server 1 received vote from 0
2025/05/20 20:16:14 server 1 become leader
2025/05/20 20:16:14 server 1 try to send heartbeat to 0, prev_index 0, term 1
2025/05/20 20:16:14 server 1 try to send heartbeat to 2, prev_index 0, term 1
2025/05/20 20:16:14 server 2 received heartbeats from 1, prev_index 0, term 1, leadercommit 0
2025/05/20 20:16:14 server 2 reset ele time 20:16:16.429
2025/05/20 20:16:14 server 0 received heartbeats from 1, prev_index 0, term 1, leadercommit 0
2025/05/20 20:16:14 server 0 reset ele time 20:16:15.953
2025/05/20 20:16:14 server 1 try to send heartbeat to 2, prev_index 0, term 1
2025/05/20 20:16:14 server 1 try to send heartbeat to 0, prev_index 0, term 1
2025/05/20 20:16:14 server 2 received heartbeats from 1, prev_index 0, term 1, leadercommit 0
2025/05/20 20:16:14 server 2 reset ele time 20:16:15.923
2025/05/20 20:16:14 server 0 received heartbeats from 1, prev_index 0, term 1, leadercommit 0
2025/05/20 20:16:14 server 0 reset ele time 20:16:15.771
2025/05/20 20:16:14 server 1 try to send heartbeat to 0, prev_index 0, term 1
2025/05/20 20:16:14 server 1 try to send heartbeat to 2, prev_index 0, term 1
2025/05/20 20:16:14 server 0 received heartbeats from 1, prev_index 0, term 1, leadercommit 0
2025/05/20 20:16:14 server 0 reset ele time 20:16:15.758
2025/05/20 20:16:14 server 2 received heartbeats from 1, prev_index 0, term 1, leadercommit 0
2025/05/20 20:16:14 server 2 reset ele time 20:16:16.404
2025/05/20 20:16:14 ==== server 1 disconected ====
2025/05/20 20:16:14 server 1 try to send heartbeat to 2, prev_index 0, term 1
2025/05/20 20:16:14 server 1 try to send heartbeat to 0, prev_index 0, term 1
2025/05/20 20:16:14 server 1 try to send heartbeat to 0, prev_index 0, term 1
2025/05/20 20:16:14 server 1 try to send heartbeat to 2, prev_index 0, term 1
2025/05/20 20:16:15 server 1 try to send heartbeat to 2, prev_index 0, term 1
2025/05/20 20:16:15 server 1 try to send heartbeat to 0, prev_index 0, term 1
2025/05/20 20:16:15 server 1 fail to send heartbeat to 0
2025/05/20 20:16:15 server 1 try to send heartbeat to 2, prev_index 0, term 1
2025/05/20 20:16:15 server 1 try to send heartbeat to 0, prev_index 0, term 1
2025/05/20 20:16:15 server 1 try to send heartbeat to 2, prev_index 0, term 1
2025/05/20 20:16:15 server 1 try to send heartbeat to 0, prev_index 0, term 1
2025/05/20 20:16:15 server 1 fail to send heartbeat to 0
2025/05/20 20:16:15 server 1 try to send heartbeat to 2, prev_index 0, term 1
2025/05/20 20:16:15 server 1 try to send heartbeat to 0, prev_index 0, term 1
2025/05/20 20:16:15 server 1 try to send heartbeat to 2, prev_index 0, term 1
2025/05/20 20:16:15 server 1 try to send heartbeat to 0, prev_index 0, term 1
2025/05/20 20:16:15 server 1 try to send heartbeat to 2, prev_index 0, term 1
2025/05/20 20:16:15 server 1 try to send heartbeat to 0, prev_index 0, term 1
2025/05/20 20:16:15 server 0 starts election
2025/05/20 20:16:15 server 0 reset ele time 20:16:17.100
2025/05/20 20:16:15 server 0 received vote from 2
2025/05/20 20:16:15 server 0 become leader
2025/05/20 20:16:15 server 0 try to send heartbeat to 2, prev_index 0, term 2
2025/05/20 20:16:15 server 0 try to send heartbeat to 1, prev_index 0, term 2
2025/05/20 20:16:15 server 2 received heartbeats from 0, prev_index 0, term 2, leadercommit 0
2025/05/20 20:16:15 server 2 reset ele time 20:16:17.727
2025/05/20 20:16:15 server 1 fail to send heartbeat to 2
2025/05/20 20:16:15 server 0 try to send heartbeat to 1, prev_index 0, term 2
2025/05/20 20:16:15 server 0 try to send heartbeat to 2, prev_index 0, term 2
2025/05/20 20:16:15 server 2 received heartbeats from 0, prev_index 0, term 2, leadercommit 0
2025/05/20 20:16:15 server 2 reset ele time 20:16:17.973
2025/05/20 20:16:16 server 1 fail to send heartbeat to 2
2025/05/20 20:16:16 server 1 try to send heartbeat to 0, prev_index 0, term 1
2025/05/20 20:16:16 server 1 try to send heartbeat to 2, prev_index 0, term 1
2025/05/20 20:16:16 ==== server 1 is reconnected ====
2025/05/20 20:16:16 server 1 try to send heartbeat to 0, prev_index 0, term 1
2025/05/20 20:16:16 server 0 received heartbeats from 1, prev_index 0, term 1, leadercommit 0
2025/05/20 20:16:16 server 0 refuse 1 with args.term 1 < 2
2025/05/20 20:16:16 server 1 convert to follower with reply term 2 > currentTerm 2
2025/05/20 20:16:16 server 1 try to send heartbeat to 2, prev_index 0, term 1
2025/05/20 20:16:16 server 2 received heartbeats from 1, prev_index 0, term 1, leadercommit 0
2025/05/20 20:16:16 server 2 refuse 1 with args.term 1 < 2
2025/05/20 20:16:16 server 0 try to send heartbeat to 2, prev_index 0, term 2
2025/05/20 20:16:16 server 0 try to send heartbeat to 1, prev_index 0, term 2
2025/05/20 20:16:16 server 2 received heartbeats from 0, prev_index 0, term 2, leadercommit 0
2025/05/20 20:16:16 server 2 reset ele time 20:16:17.558
2025/05/20 20:16:16 server 1 received heartbeats from 0, prev_index 0, term 2, leadercommit 0
2025/05/20 20:16:16 server 1 reset ele time 20:16:17.485
2025/05/20 20:16:16 server 1 fail to send heartbeat to 0
2025/05/20 20:16:16 server 0 try to send heartbeat to 2, prev_index 0, term 2
2025/05/20 20:16:16 server 0 try to send heartbeat to 1, prev_index 0, term 2
2025/05/20 20:16:16 server 1 received heartbeats from 0, prev_index 0, term 2, leadercommit 0
2025/05/20 20:16:16 server 1 reset ele time 20:16:17.944
2025/05/20 20:16:16 server 2 received heartbeats from 0, prev_index 0, term 2, leadercommit 0
2025/05/20 20:16:16 server 2 reset ele time 20:16:18.449
2025/05/20 20:16:16 server 0 try to send heartbeat to 2, prev_index 0, term 2
2025/05/20 20:16:16 server 0 try to send heartbeat to 1, prev_index 0, term 2
2025/05/20 20:16:16 server 1 received heartbeats from 0, prev_index 0, term 2, leadercommit 0
2025/05/20 20:16:16 server 1 reset ele time 20:16:18.099
2025/05/20 20:16:16 server 2 received heartbeats from 0, prev_index 0, term 2, leadercommit 0
2025/05/20 20:16:16 server 2 reset ele time 20:16:17.918
2025/05/20 20:16:16 server 1 fail to send heartbeat to 2
2025/05/20 20:16:16 ==== server 0 disconected ====
2025/05/20 20:16:16 ==== server 1 disconected ====
2025/05/20 20:16:16 server 0 try to send heartbeat to 2, prev_index 0, term 2
2025/05/20 20:16:16 server 0 try to send heartbeat to 1, prev_index 0, term 2
2025/05/20 20:16:16 server 0 RequestVote to 1 discarded
2025/05/20 20:16:16 server 1 fail to send heartbeat to 2
2025/05/20 20:16:16 server 0 try to send heartbeat to 2, prev_index 0, term 2
2025/05/20 20:16:16 server 0 try to send heartbeat to 1, prev_index 0, term 2
2025/05/20 20:16:17 server 0 try to send heartbeat to 1, prev_index 0, term 2
2025/05/20 20:16:17 server 0 try to send heartbeat to 2, prev_index 0, term 2
2025/05/20 20:16:17 server 0 try to send heartbeat to 2, prev_index 0, term 2
2025/05/20 20:16:17 server 0 try to send heartbeat to 1, prev_index 0, term 2
2025/05/20 20:16:17 server 0 try to send heartbeat to 2, prev_index 0, term 2
2025/05/20 20:16:17 server 0 try to send heartbeat to 1, prev_index 0, term 2
2025/05/20 20:16:17 server 1 fail to send heartbeat to 0
2025/05/20 20:16:17 server 1 fail to send heartbeat to 2
2025/05/20 20:16:17 server 0 fail to send heartbeat to 2
2025/05/20 20:16:17 server 0 try to send heartbeat to 1, prev_index 0, term 2
2025/05/20 20:16:17 server 0 try to send heartbeat to 2, prev_index 0, term 2
2025/05/20 20:16:17 server 1 fail to send heartbeat to 0
2025/05/20 20:16:17 server 1 fail to send heartbeat to 0
2025/05/20 20:16:17 server 0 try to send heartbeat to 2, prev_index 0, term 2
2025/05/20 20:16:17 server 0 try to send heartbeat to 1, prev_index 0, term 2
2025/05/20 20:16:18 server 1 fail to send heartbeat to 2
2025/05/20 20:16:18 server 1 starts election
2025/05/20 20:16:18 server 1 reset ele time 20:16:19.205
2025/05/20 20:16:18 server 2 starts election
2025/05/20 20:16:18 server 2 reset ele time 20:16:19.908
2025/05/20 20:16:18 server 0 try to send heartbeat to 2, prev_index 0, term 2
2025/05/20 20:16:18 server 0 try to send heartbeat to 1, prev_index 0, term 2
2025/05/20 20:16:18 server 0 try to send heartbeat to 2, prev_index 0, term 2
2025/05/20 20:16:18 server 0 try to send heartbeat to 1, prev_index 0, term 2
2025/05/20 20:16:18 server 0 try to send heartbeat to 1, prev_index 0, term 2
2025/05/20 20:16:18 server 0 try to send heartbeat to 2, prev_index 0, term 2
2025/05/20 20:16:18 server 2 RequestVote to 0 discarded
2025/05/20 20:16:18 server 2 become leader
2025/05/20 20:16:18 server 2 try to send heartbeat to 1, prev_index 0, term 3
2025/05/20 20:16:18 server 2 try to send heartbeat to 0, prev_index 0, term 3
Fatal: expected no leader among connected servers, but 2 claims to be leader
        /Users/zjw/code/6.5840/src/raft1/test.go:140
        /Users/zjw/code/6.5840/src/raft1/raft_test.go:84
--- FAIL: TestReElection3A (5.33s)
2025/05/20 20:16:18 server 0 reset ele time 20:16:20.084
2025/05/20 20:16:18 server 1 reset ele time 20:16:20.039
2025/05/20 20:16:18 server 2 reset ele time 20:16:19.774
2025/05/20 20:16:18 server 3 reset ele time 20:16:20.244
2025/05/20 20:16:18 server 4 reset ele time 20:16:19.883
2025/05/20 20:16:18 server 5 reset ele time 20:16:20.444
2025/05/20 20:16:18 server 6 reset ele time 20:16:20.587
2025/05/20 20:16:18 ==== server 0 is reconnected ====
2025/05/20 20:16:18 ==== server 1 is reconnected ====
2025/05/20 20:16:18 ==== server 2 is reconnected ====
2025/05/20 20:16:18 ==== server 3 is reconnected ====
2025/05/20 20:16:18 ==== server 4 is reconnected ====
2025/05/20 20:16:18 ==== server 5 is reconnected ====
2025/05/20 20:16:18 ==== server 6 is reconnected ====
Test (3A): multiple elections (reliable network)...
2025/05/20 20:16:18 server 0 fail to send heartbeat to 1
2025/05/20 20:16:18 server 0 fail to send heartbeat to 2
2025/05/20 20:16:19 server 0 fail to send heartbeat to 1
2025/05/20 20:16:19 server 1 fail to send heartbeat to 2
2025/05/20 20:16:19 server 0 fail to send heartbeat to 1
2025/05/20 20:16:19 server 1 fail to send heartbeat to 0
2025/05/20 20:16:19 server 0 fail to send heartbeat to 1
2025/05/20 20:16:19 server 4 starts election
2025/05/20 20:16:19 server 4 reset ele time 20:16:21.314
2025/05/20 20:16:19 server 4 received vote from 2
2025/05/20 20:16:19 server 4 received vote from 6
2025/05/20 20:16:19 server 4 become leader
2025/05/20 20:16:19 server 4 try to send heartbeat to 6, prev_index 0, term 1
2025/05/20 20:16:19 server 4 received vote from 1
2025/05/20 20:16:19 server 4 try to send heartbeat to 2, prev_index 0, term 1
2025/05/20 20:16:19 server 4 received vote from 5
2025/05/20 20:16:19 server 6 received heartbeats from 4, prev_index 0, term 1, leadercommit 0
2025/05/20 20:16:19 server 6 reset ele time 20:16:21.631
2025/05/20 20:16:19 server 4 received vote from 0
2025/05/20 20:16:19 server 4 try to send heartbeat to 0, prev_index 0, term 1
2025/05/20 20:16:19 server 4 received vote from 3
2025/05/20 20:16:19 server 2 received heartbeats from 4, prev_index 0, term 1, leadercommit 0
2025/05/20 20:16:19 server 2 reset ele time 20:16:20.952
2025/05/20 20:16:19 server 4 try to send heartbeat to 3, prev_index 0, term 1
2025/05/20 20:16:19 server 4 try to send heartbeat to 1, prev_index 0, term 1
2025/05/20 20:16:19 server 4 try to send heartbeat to 5, prev_index 0, term 1
2025/05/20 20:16:19 server 3 received heartbeats from 4, prev_index 0, term 1, leadercommit 0
2025/05/20 20:16:19 server 3 reset ele time 20:16:21.078
2025/05/20 20:16:19 server 0 received heartbeats from 4, prev_index 0, term 1, leadercommit 0
2025/05/20 20:16:19 server 0 reset ele time 20:16:21.685
2025/05/20 20:16:19 server 1 received heartbeats from 4, prev_index 0, term 1, leadercommit 0
2025/05/20 20:16:19 server 1 reset ele time 20:16:21.330
2025/05/20 20:16:19 server 5 received heartbeats from 4, prev_index 0, term 1, leadercommit 0
2025/05/20 20:16:19 server 5 reset ele time 20:16:21.404
2025/05/20 20:16:19 server 0 fail to send heartbeat to 2
2025/05/20 20:16:20 server 4 try to send heartbeat to 2, prev_index 0, term 1
2025/05/20 20:16:20 server 4 try to send heartbeat to 6, prev_index 0, term 1
2025/05/20 20:16:20 server 4 try to send heartbeat to 0, prev_index 0, term 1
2025/05/20 20:16:20 server 4 try to send heartbeat to 3, prev_index 0, term 1
2025/05/20 20:16:20 server 0 received heartbeats from 4, prev_index 0, term 1, leadercommit 0
2025/05/20 20:16:20 server 0 reset ele time 20:16:21.653
2025/05/20 20:16:20 server 4 try to send heartbeat to 1, prev_index 0, term 1
2025/05/20 20:16:20 server 6 received heartbeats from 4, prev_index 0, term 1, leadercommit 0
2025/05/20 20:16:20 server 6 reset ele time 20:16:21.765
2025/05/20 20:16:20 server 4 try to send heartbeat to 5, prev_index 0, term 1
2025/05/20 20:16:20 server 2 received heartbeats from 4, prev_index 0, term 1, leadercommit 0
2025/05/20 20:16:20 server 2 reset ele time 20:16:21.841
2025/05/20 20:16:20 server 1 received heartbeats from 4, prev_index 0, term 1, leadercommit 0
2025/05/20 20:16:20 server 1 reset ele time 20:16:21.366
2025/05/20 20:16:20 server 3 received heartbeats from 4, prev_index 0, term 1, leadercommit 0
2025/05/20 20:16:20 server 3 reset ele time 20:16:21.206
2025/05/20 20:16:20 server 5 received heartbeats from 4, prev_index 0, term 1, leadercommit 0
2025/05/20 20:16:20 server 5 reset ele time 20:16:21.625
2025/05/20 20:16:20 server 1 fail to send heartbeat to 2
2025/05/20 20:16:20 ==== server 4 disconected ====
2025/05/20 20:16:20 ==== server 3 disconected ====
2025/05/20 20:16:20 ==== server 4 disconected ====
2025/05/20 20:16:20 
===== 4, 3, 4 disconnected =====
2025/05/20 20:16:20 server 4 try to send heartbeat to 6, prev_index 0, term 1
2025/05/20 20:16:20 server 4 try to send heartbeat to 3, prev_index 0, term 1
2025/05/20 20:16:20 server 4 try to send heartbeat to 5, prev_index 0, term 1
2025/05/20 20:16:20 server 4 try to send heartbeat to 1, prev_index 0, term 1
2025/05/20 20:16:20 server 4 try to send heartbeat to 0, prev_index 0, term 1
2025/05/20 20:16:20 server 4 try to send heartbeat to 2, prev_index 0, term 1
2025/05/20 20:16:20 server 1 RequestVote to 2 discarded
2025/05/20 20:16:20 server 0 fail to send heartbeat to 1
2025/05/20 20:16:20 server 4 try to send heartbeat to 2, prev_index 0, term 1
2025/05/20 20:16:20 server 4 try to send heartbeat to 5, prev_index 0, term 1
2025/05/20 20:16:20 server 4 try to send heartbeat to 6, prev_index 0, term 1
2025/05/20 20:16:20 server 4 try to send heartbeat to 3, prev_index 0, term 1
2025/05/20 20:16:20 server 4 try to send heartbeat to 0, prev_index 0, term 1
2025/05/20 20:16:20 server 4 try to send heartbeat to 1, prev_index 0, term 1
2025/05/20 20:16:20 server 0 fail to send heartbeat to 1
2025/05/20 20:16:20 server 4 fail to send heartbeat to 0
2025/05/20 20:16:20 server 0 fail to send heartbeat to 2
2025/05/20 20:16:20 server 4 try to send heartbeat to 6, prev_index 0, term 1
2025/05/20 20:16:20 server 4 try to send heartbeat to 1, prev_index 0, term 1
2025/05/20 20:16:20 server 4 try to send heartbeat to 2, prev_index 0, term 1
2025/05/20 20:16:20 server 4 try to send heartbeat to 0, prev_index 0, term 1
2025/05/20 20:16:20 server 4 try to send heartbeat to 3, prev_index 0, term 1
2025/05/20 20:16:20 server 4 try to send heartbeat to 5, prev_index 0, term 1
2025/05/20 20:16:20 server 1 fail to send heartbeat to 0
2025/05/20 20:16:20 server 0 fail to send heartbeat to 1
2025/05/20 20:16:21 server 2 fail to send heartbeat to 1
2025/05/20 20:16:21 server 4 fail to send heartbeat to 5
2025/05/20 20:16:21 server 0 fail to send heartbeat to 1
2025/05/20 20:16:21 server 4 try to send heartbeat to 2, prev_index 0, term 1
2025/05/20 20:16:21 server 4 try to send heartbeat to 1, prev_index 0, term 1
2025/05/20 20:16:21 server 4 try to send heartbeat to 6, prev_index 0, term 1
2025/05/20 20:16:21 server 4 try to send heartbeat to 5, prev_index 0, term 1
2025/05/20 20:16:21 server 4 try to send heartbeat to 0, prev_index 0, term 1
2025/05/20 20:16:21 server 4 try to send heartbeat to 3, prev_index 0, term 1
2025/05/20 20:16:21 server 0 fail to send heartbeat to 2
2025/05/20 20:16:21 server 4 try to send heartbeat to 0, prev_index 0, term 1
2025/05/20 20:16:21 server 4 try to send heartbeat to 2, prev_index 0, term 1
2025/05/20 20:16:21 server 4 try to send heartbeat to 1, prev_index 0, term 1
2025/05/20 20:16:21 server 4 try to send heartbeat to 6, prev_index 0, term 1
2025/05/20 20:16:21 server 4 try to send heartbeat to 3, prev_index 0, term 1
2025/05/20 20:16:21 server 4 try to send heartbeat to 5, prev_index 0, term 1
2025/05/20 20:16:21 server 4 fail to send heartbeat to 6
2025/05/20 20:16:21 server 4 fail to send heartbeat to 2
2025/05/20 20:16:21 server 4 fail to send heartbeat to 1
2025/05/20 20:16:21 server 3 starts election
2025/05/20 20:16:21 server 3 reset ele time 20:16:22.841
2025/05/20 20:16:21 server 4 try to send heartbeat to 2, prev_index 0, term 1
2025/05/20 20:16:21 server 4 try to send heartbeat to 6, prev_index 0, term 1
2025/05/20 20:16:21 server 4 try to send heartbeat to 5, prev_index 0, term 1
2025/05/20 20:16:21 server 4 try to send heartbeat to 0, prev_index 0, term 1
2025/05/20 20:16:21 server 4 try to send heartbeat to 3, prev_index 0, term 1
2025/05/20 20:16:21 server 4 try to send heartbeat to 1, prev_index 0, term 1
2025/05/20 20:16:21 server 4 fail to send heartbeat to 0
2025/05/20 20:16:21 server 4 try to send heartbeat to 6, prev_index 0, term 1
2025/05/20 20:16:21 server 4 try to send heartbeat to 0, prev_index 0, term 1
2025/05/20 20:16:21 server 4 try to send heartbeat to 3, prev_index 0, term 1
2025/05/20 20:16:21 server 4 try to send heartbeat to 5, prev_index 0, term 1
2025/05/20 20:16:21 server 4 try to send heartbeat to 1, prev_index 0, term 1
2025/05/20 20:16:21 server 4 try to send heartbeat to 2, prev_index 0, term 1
2025/05/20 20:16:21 server 1 starts election
2025/05/20 20:16:21 server 1 reset ele time 20:16:23.263
2025/05/20 20:16:21 server 1 received vote from 6
2025/05/20 20:16:21 server 1 received vote from 0
2025/05/20 20:16:21 server 1 become leader
2025/05/20 20:16:21 server 1 try to send heartbeat to 6, prev_index 0, term 2
2025/05/20 20:16:21 server 6 received heartbeats from 1, prev_index 0, term 2, leadercommit 0
2025/05/20 20:16:21 server 6 reset ele time 20:16:22.722
2025/05/20 20:16:21 server 1 try to send heartbeat to 0, prev_index 0, term 2
2025/05/20 20:16:21 server 1 received vote from 5
2025/05/20 20:16:21 server 1 try to send heartbeat to 3, prev_index 0, term 2
2025/05/20 20:16:21 server 0 received heartbeats from 1, prev_index 0, term 2, leadercommit 0
2025/05/20 20:16:21 server 1 try to send heartbeat to 4, prev_index 0, term 2
2025/05/20 20:16:21 server 1 try to send heartbeat to 5, prev_index 0, term 2
2025/05/20 20:16:21 server 0 reset ele time 20:16:23.194
2025/05/20 20:16:21 server 5 received heartbeats from 1, prev_index 0, term 2, leadercommit 0
2025/05/20 20:16:21 server 5 reset ele time 20:16:23.502
2025/05/20 20:16:21 server 1 try to send heartbeat to 2, prev_index 0, term 2
2025/05/20 20:16:21 server 1 received vote from 2
2025/05/20 20:16:21 server 2 received heartbeats from 1, prev_index 0, term 2, leadercommit 0
2025/05/20 20:16:21 server 2 reset ele time 20:16:23.567
2025/05/20 20:16:21 server 4 fail to send heartbeat to 2
2025/05/20 20:16:21 server 1 fail to send heartbeat to 0
2025/05/20 20:16:21 server 0 fail to send heartbeat to 1
2025/05/20 20:16:21 server 4 fail to send heartbeat to 5
2025/05/20 20:16:21 server 4 fail to send heartbeat to 3
2025/05/20 20:16:21 server 4 try to send heartbeat to 1, prev_index 0, term 1
2025/05/20 20:16:21 server 4 try to send heartbeat to 6, prev_index 0, term 1
2025/05/20 20:16:21 server 4 try to send heartbeat to 2, prev_index 0, term 1
2025/05/20 20:16:21 server 4 try to send heartbeat to 3, prev_index 0, term 1
2025/05/20 20:16:21 server 4 try to send heartbeat to 0, prev_index 0, term 1
2025/05/20 20:16:21 server 4 try to send heartbeat to 5, prev_index 0, term 1
2025/05/20 20:16:21 server 4 fail to send heartbeat to 1
2025/05/20 20:16:21 server 3 RequestVote to 6 discarded
2025/05/20 20:16:21 server 1 try to send heartbeat to 6, prev_index 0, term 2
2025/05/20 20:16:21 server 1 try to send heartbeat to 3, prev_index 0, term 2
2025/05/20 20:16:21 server 1 try to send heartbeat to 4, prev_index 0, term 2
2025/05/20 20:16:21 server 1 try to send heartbeat to 0, prev_index 0, term 2
2025/05/20 20:16:21 server 6 received heartbeats from 1, prev_index 0, term 2, leadercommit 0
2025/05/20 20:16:21 server 6 reset ele time 20:16:23.784
2025/05/20 20:16:21 server 1 try to send heartbeat to 5, prev_index 0, term 2
2025/05/20 20:16:21 server 1 try to send heartbeat to 2, prev_index 0, term 2
2025/05/20 20:16:21 server 0 received heartbeats from 1, prev_index 0, term 2, leadercommit 0
2025/05/20 20:16:21 server 0 reset ele time 20:16:23.786
2025/05/20 20:16:21 server 5 received heartbeats from 1, prev_index 0, term 2, leadercommit 0
2025/05/20 20:16:21 server 5 reset ele time 20:16:23.287
2025/05/20 20:16:21 server 2 received heartbeats from 1, prev_index 0, term 2, leadercommit 0
2025/05/20 20:16:21 server 2 reset ele time 20:16:23.442
2025/05/20 20:16:21 server 1 fail to send heartbeat to 4
2025/05/20 20:16:21 server 4 fail to send heartbeat to 1
2025/05/20 20:16:22 server 4 fail to send heartbeat to 2
2025/05/20 20:16:22 server 1 try to send heartbeat to 6, prev_index 0, term 2
2025/05/20 20:16:22 server 1 try to send heartbeat to 0, prev_index 0, term 2
2025/05/20 20:16:22 server 1 try to send heartbeat to 3, prev_index 0, term 2
2025/05/20 20:16:22 server 1 try to send heartbeat to 4, prev_index 0, term 2
2025/05/20 20:16:22 server 1 try to send heartbeat to 2, prev_index 0, term 2
2025/05/20 20:16:22 server 1 try to send heartbeat to 5, prev_index 0, term 2
2025/05/20 20:16:22 server 0 received heartbeats from 1, prev_index 0, term 2, leadercommit 0
2025/05/20 20:16:22 server 2 received heartbeats from 1, prev_index 0, term 2, leadercommit 0
2025/05/20 20:16:22 server 2 reset ele time 20:16:23.387
2025/05/20 20:16:22 server 0 reset ele time 20:16:23.439
2025/05/20 20:16:22 server 6 received heartbeats from 1, prev_index 0, term 2, leadercommit 0
2025/05/20 20:16:22 server 6 reset ele time 20:16:23.377
2025/05/20 20:16:22 server 5 received heartbeats from 1, prev_index 0, term 2, leadercommit 0
2025/05/20 20:16:22 server 5 reset ele time 20:16:23.730
2025/05/20 20:16:22 server 0 fail to send heartbeat to 2
2025/05/20 20:16:22 ==== server 4 is reconnected ====
2025/05/20 20:16:22 ==== server 3 is reconnected ====
2025/05/20 20:16:22 ==== server 4 is reconnected ====
2025/05/20 20:16:22 ==== server 6 disconected ====
2025/05/20 20:16:22 ==== server 6 disconected ====
2025/05/20 20:16:22 ==== server 6 disconected ====
2025/05/20 20:16:22 
===== 6, 6, 6 disconnected =====
2025/05/20 20:16:22 server 4 try to send heartbeat to 6, prev_index 0, term 1
2025/05/20 20:16:22 server 4 try to send heartbeat to 5, prev_index 0, term 1
2025/05/20 20:16:22 server 4 try to send heartbeat to 2, prev_index 0, term 1
2025/05/20 20:16:22 server 2 received heartbeats from 4, prev_index 0, term 1, leadercommit 0
2025/05/20 20:16:22 server 2 refuse 4 with args.term 1 < 2
2025/05/20 20:16:22 server 5 received heartbeats from 4, prev_index 0, term 1, leadercommit 0
2025/05/20 20:16:22 server 5 refuse 4 with args.term 1 < 2
2025/05/20 20:16:22 server 4 convert to follower with reply term 2 > currentTerm 2
2025/05/20 20:16:22 server 4 try to send heartbeat to 0, prev_index 0, term 1
2025/05/20 20:16:22 server 4 try to send heartbeat to 1, prev_index 0, term 1
2025/05/20 20:16:22 server 0 received heartbeats from 4, prev_index 0, term 1, leadercommit 0
2025/05/20 20:16:22 server 0 refuse 4 with args.term 1 < 2
2025/05/20 20:16:22 server 1 received heartbeats from 4, prev_index 0, term 1, leadercommit 0
2025/05/20 20:16:22 server 1 refuse 4 with args.term 1 < 2
2025/05/20 20:16:22 server 4 try to send heartbeat to 3, prev_index 0, term 1
2025/05/20 20:16:22 server 3 received heartbeats from 4, prev_index 0, term 1, leadercommit 0
2025/05/20 20:16:22 server 3 refuse 4 with args.term 1 < 2
2025/05/20 20:16:22 server 0 fail to send heartbeat to 1
2025/05/20 20:16:22 server 4 starts election
2025/05/20 20:16:22 server 4 reset ele time 20:16:23.318
2025/05/20 20:16:22 server 4 received vote from 5
2025/05/20 20:16:22 server 4 received vote from 2
2025/05/20 20:16:22 server 4 received vote from 1
2025/05/20 20:16:22 server 4 become leader
2025/05/20 20:16:22 server 4 try to send heartbeat to 6, prev_index 0, term 3
2025/05/20 20:16:22 server 4 try to send heartbeat to 0, prev_index 0, term 3
2025/05/20 20:16:22 server 4 received vote from 0
2025/05/20 20:16:22 server 4 received vote from 3
2025/05/20 20:16:22 server 4 try to send heartbeat to 1, prev_index 0, term 3
2025/05/20 20:16:22 server 4 try to send heartbeat to 2, prev_index 0, term 3
2025/05/20 20:16:22 server 4 try to send heartbeat to 3, prev_index 0, term 3
2025/05/20 20:16:22 server 0 received heartbeats from 4, prev_index 0, term 3, leadercommit 0
2025/05/20 20:16:22 server 0 reset ele time 20:16:23.758
2025/05/20 20:16:22 server 1 received heartbeats from 4, prev_index 0, term 3, leadercommit 0
2025/05/20 20:16:22 server 1 reset ele time 20:16:23.779
2025/05/20 20:16:22 server 4 try to send heartbeat to 5, prev_index 0, term 3
2025/05/20 20:16:22 server 2 received heartbeats from 4, prev_index 0, term 3, leadercommit 0
2025/05/20 20:16:22 server 2 reset ele time 20:16:23.322
2025/05/20 20:16:22 server 3 received heartbeats from 4, prev_index 0, term 3, leadercommit 0
2025/05/20 20:16:22 server 3 reset ele time 20:16:23.545
2025/05/20 20:16:22 server 5 received heartbeats from 4, prev_index 0, term 3, leadercommit 0
2025/05/20 20:16:22 server 5 reset ele time 20:16:24.144
2025/05/20 20:16:22 server 4 try to send heartbeat to 6, prev_index 0, term 3
2025/05/20 20:16:22 server 4 try to send heartbeat to 2, prev_index 0, term 3
2025/05/20 20:16:22 server 4 try to send heartbeat to 0, prev_index 0, term 3
2025/05/20 20:16:22 server 4 try to send heartbeat to 3, prev_index 0, term 3
2025/05/20 20:16:22 server 0 received heartbeats from 4, prev_index 0, term 3, leadercommit 0
2025/05/20 20:16:22 server 0 reset ele time 20:16:23.496
2025/05/20 20:16:22 server 2 received heartbeats from 4, prev_index 0, term 3, leadercommit 0
2025/05/20 20:16:22 server 2 reset ele time 20:16:23.594
2025/05/20 20:16:22 server 4 try to send heartbeat to 1, prev_index 0, term 3
2025/05/20 20:16:22 server 3 received heartbeats from 4, prev_index 0, term 3, leadercommit 0
2025/05/20 20:16:22 server 4 try to send heartbeat to 5, prev_index 0, term 3
2025/05/20 20:16:22 server 3 reset ele time 20:16:23.459
2025/05/20 20:16:22 server 5 received heartbeats from 4, prev_index 0, term 3, leadercommit 0
2025/05/20 20:16:22 server 5 reset ele time 20:16:24.176
2025/05/20 20:16:22 server 1 received heartbeats from 4, prev_index 0, term 3, leadercommit 0
2025/05/20 20:16:22 server 1 reset ele time 20:16:23.598
2025/05/20 20:16:22 server 4 fail to send heartbeat to 6
2025/05/20 20:16:22 server 4 fail to send heartbeat to 2
2025/05/20 20:16:22 server 4 fail to send heartbeat to 6
2025/05/20 20:16:22 server 4 fail to send heartbeat to 0
2025/05/20 20:16:22 server 2 fail to send heartbeat to 0
2025/05/20 20:16:22 ==== server 6 is reconnected ====
2025/05/20 20:16:22 ==== server 6 is reconnected ====
2025/05/20 20:16:22 ==== server 6 is reconnected ====
2025/05/20 20:16:22 ==== server 6 disconected ====
2025/05/20 20:16:22 ==== server 1 disconected ====
2025/05/20 20:16:22 ==== server 4 disconected ====
2025/05/20 20:16:22 
===== 6, 1, 4 disconnected =====
2025/05/20 20:16:22 server 3 RequestVote to 2 discarded
2025/05/20 20:16:22 server 4 try to send heartbeat to 6, prev_index 0, term 3
2025/05/20 20:16:22 server 4 try to send heartbeat to 2, prev_index 0, term 3
2025/05/20 20:16:22 server 4 try to send heartbeat to 0, prev_index 0, term 3
2025/05/20 20:16:22 server 4 try to send heartbeat to 3, prev_index 0, term 3
2025/05/20 20:16:22 server 4 try to send heartbeat to 1, prev_index 0, term 3
2025/05/20 20:16:22 server 4 try to send heartbeat to 5, prev_index 0, term 3
2025/05/20 20:16:22 server 4 fail to send heartbeat to 5
2025/05/20 20:16:22 server 1 fail to send heartbeat to 2
2025/05/20 20:16:22 server 3 RequestVote to 5 discarded
2025/05/20 20:16:22 server 4 fail to send heartbeat to 2
2025/05/20 20:16:22 server 0 fail to send heartbeat to 1
2025/05/20 20:16:23 server 4 try to send heartbeat to 6, prev_index 0, term 3
2025/05/20 20:16:23 server 4 try to send heartbeat to 0, prev_index 0, term 3
2025/05/20 20:16:23 server 4 try to send heartbeat to 2, prev_index 0, term 3
2025/05/20 20:16:23 server 4 try to send heartbeat to 3, prev_index 0, term 3
2025/05/20 20:16:23 server 4 try to send heartbeat to 1, prev_index 0, term 3
2025/05/20 20:16:23 server 4 try to send heartbeat to 5, prev_index 0, term 3
2025/05/20 20:16:23 server 4 fail to send heartbeat to 5
2025/05/20 20:16:23 server 0 fail to send heartbeat to 2
2025/05/20 20:16:23 server 0 fail to send heartbeat to 2
2025/05/20 20:16:23 server 4 fail to send heartbeat to 1
2025/05/20 20:16:23 server 4 fail to send heartbeat to 1
2025/05/20 20:16:23 server 4 fail to send heartbeat to 0
2025/05/20 20:16:23 server 4 fail to send heartbeat to 1
2025/05/20 20:16:23 server 4 try to send heartbeat to 1, prev_index 0, term 3
2025/05/20 20:16:23 server 4 try to send heartbeat to 0, prev_index 0, term 3
2025/05/20 20:16:23 server 4 try to send heartbeat to 6, prev_index 0, term 3
2025/05/20 20:16:23 server 4 try to send heartbeat to 5, prev_index 0, term 3
2025/05/20 20:16:23 server 4 try to send heartbeat to 2, prev_index 0, term 3
2025/05/20 20:16:23 server 4 try to send heartbeat to 3, prev_index 0, term 3
2025/05/20 20:16:23 server 6 starts election
2025/05/20 20:16:23 server 6 reset ele time 20:16:24.780
2025/05/20 20:16:23 server 3 starts election
2025/05/20 20:16:23 server 3 reset ele time 20:16:25.047
2025/05/20 20:16:23 server 3 received vote from 0
2025/05/20 20:16:23 server 3 received vote from 2
2025/05/20 20:16:23 server 3 become leader
2025/05/20 20:16:23 server 3 try to send heartbeat to 6, prev_index 0, term 4
2025/05/20 20:16:23 server 3 try to send heartbeat to 0, prev_index 0, term 4
2025/05/20 20:16:23 server 3 received vote from 5
2025/05/20 20:16:23 server 3 try to send heartbeat to 2, prev_index 0, term 4
2025/05/20 20:16:23 server 0 received heartbeats from 3, prev_index 0, term 4, leadercommit 0
2025/05/20 20:16:23 server 0 reset ele time 20:16:25.017
2025/05/20 20:16:23 server 2 received heartbeats from 3, prev_index 0, term 4, leadercommit 0
2025/05/20 20:16:23 server 2 reset ele time 20:16:25.020
2025/05/20 20:16:23 server 3 try to send heartbeat to 4, prev_index 0, term 4
2025/05/20 20:16:23 server 3 try to send heartbeat to 1, prev_index 0, term 4
2025/05/20 20:16:23 server 3 try to send heartbeat to 5, prev_index 0, term 4
2025/05/20 20:16:23 server 5 received heartbeats from 3, prev_index 0, term 4, leadercommit 0
2025/05/20 20:16:23 server 5 reset ele time 20:16:24.610
2025/05/20 20:16:23 server 6 RequestVote to 5 discarded
2025/05/20 20:16:23 server 4 try to send heartbeat to 6, prev_index 0, term 3
2025/05/20 20:16:23 server 4 try to send heartbeat to 0, prev_index 0, term 3
2025/05/20 20:16:23 server 4 try to send heartbeat to 1, prev_index 0, term 3
2025/05/20 20:16:23 server 4 try to send heartbeat to 3, prev_index 0, term 3
2025/05/20 20:16:23 server 4 try to send heartbeat to 2, prev_index 0, term 3
2025/05/20 20:16:23 server 4 try to send heartbeat to 5, prev_index 0, term 3
2025/05/20 20:16:23 ==== server 6 is reconnected ====
2025/05/20 20:16:23 ==== server 1 is reconnected ====
2025/05/20 20:16:23 ==== server 4 is reconnected ====
2025/05/20 20:16:23 ==== server 5 disconected ====
2025/05/20 20:16:23 ==== server 6 disconected ====
2025/05/20 20:16:23 ==== server 0 disconected ====
2025/05/20 20:16:23 
===== 5, 6, 0 disconnected =====
2025/05/20 20:16:23 server 1 fail to send heartbeat to 4
2025/05/20 20:16:23 server 4 fail to send heartbeat to 6
2025/05/20 20:16:23 server 4 try to send heartbeat to 6, prev_index 0, term 3
2025/05/20 20:16:23 server 4 try to send heartbeat to 5, prev_index 0, term 3
2025/05/20 20:16:23 server 4 try to send heartbeat to 3, prev_index 0, term 3
2025/05/20 20:16:23 server 4 try to send heartbeat to 2, prev_index 0, term 3
2025/05/20 20:16:23 server 4 try to send heartbeat to 1, prev_index 0, term 3
2025/05/20 20:16:23 server 4 try to send heartbeat to 0, prev_index 0, term 3
2025/05/20 20:16:23 server 3 received heartbeats from 4, prev_index 0, term 3, leadercommit 0
2025/05/20 20:16:23 server 3 refuse 4 with args.term 3 < 4
2025/05/20 20:16:23 server 2 received heartbeats from 4, prev_index 0, term 3, leadercommit 0
2025/05/20 20:16:23 server 2 refuse 4 with args.term 3 < 4
2025/05/20 20:16:23 server 1 received heartbeats from 4, prev_index 0, term 3, leadercommit 0
2025/05/20 20:16:23 server 4 convert to follower with reply term 4 > currentTerm 4
2025/05/20 20:16:23 server 1 reset ele time 20:16:25.667
2025/05/20 20:16:23 server 4 fail to send heartbeat to 3
2025/05/20 20:16:23 server 4 fail to send heartbeat to 3
2025/05/20 20:16:23 server 2 RequestVote to 1 discarded
2025/05/20 20:16:23 server 3 try to send heartbeat to 1, prev_index 0, term 4
2025/05/20 20:16:23 server 3 try to send heartbeat to 0, prev_index 0, term 4
2025/05/20 20:16:23 server 3 try to send heartbeat to 5, prev_index 0, term 4
2025/05/20 20:16:23 server 3 try to send heartbeat to 6, prev_index 0, term 4
2025/05/20 20:16:23 server 3 try to send heartbeat to 2, prev_index 0, term 4
2025/05/20 20:16:23 server 3 try to send heartbeat to 4, prev_index 0, term 4
2025/05/20 20:16:23 server 1 received heartbeats from 3, prev_index 0, term 4, leadercommit 0
2025/05/20 20:16:23 server 1 reset ele time 20:16:25.600
2025/05/20 20:16:23 server 4 received heartbeats from 3, prev_index 0, term 4, leadercommit 0
2025/05/20 20:16:23 server 4 reset ele time 20:16:25.033
2025/05/20 20:16:23 server 2 received heartbeats from 3, prev_index 0, term 4, leadercommit 0
2025/05/20 20:16:23 server 2 reset ele time 20:16:25.163
2025/05/20 20:16:23 server 4 fail to send heartbeat to 6
2025/05/20 20:16:24 server 0 fail to send heartbeat to 2
2025/05/20 20:16:24 server 4 fail to send heartbeat to 6
2025/05/20 20:16:24 server 0 fail to send heartbeat to 2
2025/05/20 20:16:24 server 3 try to send heartbeat to 6, prev_index 0, term 4
2025/05/20 20:16:24 server 3 try to send heartbeat to 2, prev_index 0, term 4
2025/05/20 20:16:24 server 3 try to send heartbeat to 1, prev_index 0, term 4
2025/05/20 20:16:24 server 2 received heartbeats from 3, prev_index 0, term 4, leadercommit 0
2025/05/20 20:16:24 server 2 reset ele time 20:16:25.201
2025/05/20 20:16:24 server 1 received heartbeats from 3, prev_index 0, term 4, leadercommit 0
2025/05/20 20:16:24 server 1 reset ele time 20:16:25.326
2025/05/20 20:16:24 server 3 try to send heartbeat to 4, prev_index 0, term 4
2025/05/20 20:16:24 server 3 try to send heartbeat to 5, prev_index 0, term 4
2025/05/20 20:16:24 server 4 received heartbeats from 3, prev_index 0, term 4, leadercommit 0
2025/05/20 20:16:24 server 3 try to send heartbeat to 0, prev_index 0, term 4
2025/05/20 20:16:24 server 4 reset ele time 20:16:25.331
2025/05/20 20:16:24 server 3 try to send heartbeat to 1, prev_index 0, term 4
2025/05/20 20:16:24 server 3 try to send heartbeat to 6, prev_index 0, term 4
2025/05/20 20:16:24 server 3 try to send heartbeat to 2, prev_index 0, term 4
2025/05/20 20:16:24 server 1 received heartbeats from 3, prev_index 0, term 4, leadercommit 0
2025/05/20 20:16:24 server 2 received heartbeats from 3, prev_index 0, term 4, leadercommit 0
2025/05/20 20:16:24 server 2 reset ele time 20:16:25.601
2025/05/20 20:16:24 server 1 reset ele time 20:16:25.963
2025/05/20 20:16:24 server 3 try to send heartbeat to 5, prev_index 0, term 4
2025/05/20 20:16:24 server 3 try to send heartbeat to 0, prev_index 0, term 4
2025/05/20 20:16:24 server 3 try to send heartbeat to 4, prev_index 0, term 4
2025/05/20 20:16:24 server 4 received heartbeats from 3, prev_index 0, term 4, leadercommit 0
2025/05/20 20:16:24 server 4 reset ele time 20:16:25.428
2025/05/20 20:16:24 ==== server 5 is reconnected ====
2025/05/20 20:16:24 ==== server 6 is reconnected ====
2025/05/20 20:16:24 ==== server 0 is reconnected ====
2025/05/20 20:16:24 ==== server 0 disconected ====
2025/05/20 20:16:24 ==== server 6 disconected ====
2025/05/20 20:16:24 ==== server 4 disconected ====
2025/05/20 20:16:24 
===== 0, 6, 4 disconnected =====
2025/05/20 20:16:24 server 4 fail to send heartbeat to 6
2025/05/20 20:16:24 server 4 fail to send heartbeat to 3
2025/05/20 20:16:24 server 3 try to send heartbeat to 6, prev_index 0, term 4
2025/05/20 20:16:24 server 3 try to send heartbeat to 2, prev_index 0, term 4
2025/05/20 20:16:24 server 3 try to send heartbeat to 1, prev_index 0, term 4
2025/05/20 20:16:24 server 2 received heartbeats from 3, prev_index 0, term 4, leadercommit 0
2025/05/20 20:16:24 server 2 reset ele time 20:16:25.512
2025/05/20 20:16:24 server 1 received heartbeats from 3, prev_index 0, term 4, leadercommit 0
2025/05/20 20:16:24 server 1 reset ele time 20:16:25.727
2025/05/20 20:16:24 server 3 try to send heartbeat to 5, prev_index 0, term 4
2025/05/20 20:16:24 server 3 try to send heartbeat to 0, prev_index 0, term 4
2025/05/20 20:16:24 server 3 try to send heartbeat to 4, prev_index 0, term 4
2025/05/20 20:16:24 server 5 received heartbeats from 3, prev_index 0, term 4, leadercommit 0
2025/05/20 20:16:24 server 5 reset ele time 20:16:25.753
2025/05/20 20:16:24 server 1 fail to send heartbeat to 3
2025/05/20 20:16:24 server 4 fail to send heartbeat to 2
2025/05/20 20:16:24 server 4 fail to send heartbeat to 5
2025/05/20 20:16:24 server 3 try to send heartbeat to 6, prev_index 0, term 4
2025/05/20 20:16:24 server 3 try to send heartbeat to 5, prev_index 0, term 4
2025/05/20 20:16:24 server 3 try to send heartbeat to 4, prev_index 0, term 4
2025/05/20 20:16:24 server 5 received heartbeats from 3, prev_index 0, term 4, leadercommit 0
2025/05/20 20:16:24 server 3 try to send heartbeat to 2, prev_index 0, term 4
2025/05/20 20:16:24 server 5 reset ele time 20:16:26.420
2025/05/20 20:16:24 server 3 try to send heartbeat to 0, prev_index 0, term 4
2025/05/20 20:16:24 server 3 try to send heartbeat to 1, prev_index 0, term 4
2025/05/20 20:16:24 server 2 received heartbeats from 3, prev_index 0, term 4, leadercommit 0
2025/05/20 20:16:24 server 2 reset ele time 20:16:25.689
2025/05/20 20:16:24 server 1 received heartbeats from 3, prev_index 0, term 4, leadercommit 0
2025/05/20 20:16:24 server 1 reset ele time 20:16:25.830
2025/05/20 20:16:24 server 1 fail to send heartbeat to 3
2025/05/20 20:16:24 server 3 fail to send heartbeat to 6
2025/05/20 20:16:24 server 4 fail to send heartbeat to 2
2025/05/20 20:16:24 server 4 RequestVote to 6 discarded
2025/05/20 20:16:24 server 4 fail to send heartbeat to 0
2025/05/20 20:16:24 server 3 fail to send heartbeat to 5
2025/05/20 20:16:24 server 4 fail to send heartbeat to 0
2025/05/20 20:16:24 server 4 fail to send heartbeat to 0
2025/05/20 20:16:24 ==== server 0 is reconnected ====
2025/05/20 20:16:24 ==== server 6 is reconnected ====
2025/05/20 20:16:24 ==== server 4 is reconnected ====
2025/05/20 20:16:24 ==== server 1 disconected ====
2025/05/20 20:16:24 ==== server 5 disconected ====
2025/05/20 20:16:24 ==== server 3 disconected ====
2025/05/20 20:16:24 
===== 1, 5, 3 disconnected =====
2025/05/20 20:16:24 server 1 RequestVote to 0 discarded
2025/05/20 20:16:24 server 3 try to send heartbeat to 2, prev_index 0, term 4
2025/05/20 20:16:24 server 3 try to send heartbeat to 6, prev_index 0, term 4
2025/05/20 20:16:24 server 3 try to send heartbeat to 4, prev_index 0, term 4
2025/05/20 20:16:24 server 3 try to send heartbeat to 5, prev_index 0, term 4
2025/05/20 20:16:24 server 3 try to send heartbeat to 0, prev_index 0, term 4
2025/05/20 20:16:24 server 3 try to send heartbeat to 1, prev_index 0, term 4
2025/05/20 20:16:24 server 0 fail to send heartbeat to 1
2025/05/20 20:16:24 server 3 fail to send heartbeat to 5
2025/05/20 20:16:24 server 3 try to send heartbeat to 2, prev_index 0, term 4
2025/05/20 20:16:24 server 3 try to send heartbeat to 6, prev_index 0, term 4
2025/05/20 20:16:24 server 3 try to send heartbeat to 5, prev_index 0, term 4
2025/05/20 20:16:24 server 3 try to send heartbeat to 0, prev_index 0, term 4
2025/05/20 20:16:24 server 3 try to send heartbeat to 1, prev_index 0, term 4
2025/05/20 20:16:24 server 3 try to send heartbeat to 4, prev_index 0, term 4
2025/05/20 20:16:25 server 0 starts election
2025/05/20 20:16:25 server 0 reset ele time 20:16:26.907
2025/05/20 20:16:25 server 0 received vote from 2
2025/05/20 20:16:25 server 0 received vote from 6
2025/05/20 20:16:25 server 0 received vote from 4
2025/05/20 20:16:25 server 0 become leader
2025/05/20 20:16:25 server 0 try to send heartbeat to 6, prev_index 0, term 5
2025/05/20 20:16:25 server 0 try to send heartbeat to 3, prev_index 0, term 5
2025/05/20 20:16:25 server 0 try to send heartbeat to 1, prev_index 0, term 5
2025/05/20 20:16:25 server 0 try to send heartbeat to 5, prev_index 0, term 5
2025/05/20 20:16:25 server 0 try to send heartbeat to 2, prev_index 0, term 5
2025/05/20 20:16:25 server 0 try to send heartbeat to 4, prev_index 0, term 5
2025/05/20 20:16:25 server 6 received heartbeats from 0, prev_index 0, term 5, leadercommit 0
2025/05/20 20:16:25 server 6 reset ele time 20:16:26.511
2025/05/20 20:16:25 server 2 received heartbeats from 0, prev_index 0, term 5, leadercommit 0
2025/05/20 20:16:25 server 2 reset ele time 20:16:26.197
2025/05/20 20:16:25 server 4 received heartbeats from 0, prev_index 0, term 5, leadercommit 0
2025/05/20 20:16:25 server 4 reset ele time 20:16:26.456
2025/05/20 20:16:25 server 3 fail to send heartbeat to 4
2025/05/20 20:16:25 server 3 try to send heartbeat to 6, prev_index 0, term 4
2025/05/20 20:16:25 server 3 try to send heartbeat to 0, prev_index 0, term 4
2025/05/20 20:16:25 server 3 try to send heartbeat to 4, prev_index 0, term 4
2025/05/20 20:16:25 server 3 try to send heartbeat to 1, prev_index 0, term 4
2025/05/20 20:16:25 server 3 try to send heartbeat to 2, prev_index 0, term 4
2025/05/20 20:16:25 server 3 try to send heartbeat to 5, prev_index 0, term 4
2025/05/20 20:16:25 server 3 try to send heartbeat to 6, prev_index 0, term 4
2025/05/20 20:16:25 server 3 try to send heartbeat to 2, prev_index 0, term 4
2025/05/20 20:16:25 server 3 try to send heartbeat to 0, prev_index 0, term 4
2025/05/20 20:16:25 server 3 try to send heartbeat to 4, prev_index 0, term 4
2025/05/20 20:16:25 server 3 try to send heartbeat to 1, prev_index 0, term 4
2025/05/20 20:16:25 server 3 try to send heartbeat to 5, prev_index 0, term 4
2025/05/20 20:16:25 ==== server 1 is reconnected ====
2025/05/20 20:16:25 ==== server 5 is reconnected ====
2025/05/20 20:16:25 ==== server 3 is reconnected ====
2025/05/20 20:16:25 ==== server 5 disconected ====
2025/05/20 20:16:25 ==== server 4 disconected ====
2025/05/20 20:16:25 ==== server 4 disconected ====
2025/05/20 20:16:25 
===== 5, 4, 4 disconnected =====
2025/05/20 20:16:25 server 0 try to send heartbeat to 2, prev_index 0, term 5
2025/05/20 20:16:25 server 0 try to send heartbeat to 6, prev_index 0, term 5
2025/05/20 20:16:25 server 0 try to send heartbeat to 3, prev_index 0, term 5
2025/05/20 20:16:25 server 0 try to send heartbeat to 1, prev_index 0, term 5
2025/05/20 20:16:25 server 2 received heartbeats from 0, prev_index 0, term 5, leadercommit 0
2025/05/20 20:16:25 server 2 reset ele time 20:16:26.430
2025/05/20 20:16:25 server 0 try to send heartbeat to 4, prev_index 0, term 5
2025/05/20 20:16:25 server 6 received heartbeats from 0, prev_index 0, term 5, leadercommit 0
2025/05/20 20:16:25 server 6 reset ele time 20:16:26.464
2025/05/20 20:16:25 server 3 received heartbeats from 0, prev_index 0, term 5, leadercommit 0
2025/05/20 20:16:25 server 3 convert to follower
2025/05/20 20:16:25 server 3 reset ele time 20:16:26.737
2025/05/20 20:16:25 server 0 try to send heartbeat to 5, prev_index 0, term 5
2025/05/20 20:16:25 server 1 received heartbeats from 0, prev_index 0, term 5, leadercommit 0
2025/05/20 20:16:25 server 1 reset ele time 20:16:27.085
2025/05/20 20:16:25 server 3 fail to send heartbeat to 0
2025/05/20 20:16:25 server 3 fail to send heartbeat to 4
2025/05/20 20:16:25 server 4 fail to send heartbeat to 1
2025/05/20 20:16:25 server 0 RequestVote to 1 discarded
2025/05/20 20:16:25 server 1 fail to send heartbeat to 4
2025/05/20 20:16:25 server 3 fail to send heartbeat to 5
2025/05/20 20:16:25 server 0 try to send heartbeat to 6, prev_index 0, term 5
2025/05/20 20:16:25 server 0 try to send heartbeat to 3, prev_index 0, term 5
2025/05/20 20:16:25 server 0 try to send heartbeat to 1, prev_index 0, term 5
2025/05/20 20:16:25 server 6 received heartbeats from 0, prev_index 0, term 5, leadercommit 0
2025/05/20 20:16:25 server 6 reset ele time 20:16:27.361
2025/05/20 20:16:25 server 1 received heartbeats from 0, prev_index 0, term 5, leadercommit 0
2025/05/20 20:16:25 server 1 reset ele time 20:16:27.224
2025/05/20 20:16:25 server 0 try to send heartbeat to 2, prev_index 0, term 5
2025/05/20 20:16:25 server 3 received heartbeats from 0, prev_index 0, term 5, leadercommit 0
2025/05/20 20:16:25 server 3 reset ele time 20:16:27.164
2025/05/20 20:16:25 server 0 try to send heartbeat to 4, prev_index 0, term 5
2025/05/20 20:16:25 server 2 received heartbeats from 0, prev_index 0, term 5, leadercommit 0
2025/05/20 20:16:25 server 2 reset ele time 20:16:27.129
2025/05/20 20:16:25 server 0 try to send heartbeat to 5, prev_index 0, term 5
2025/05/20 20:16:25 server 3 fail to send heartbeat to 2
2025/05/20 20:16:25 server 3 RequestVote to 0 discarded
2025/05/20 20:16:25 server 3 fail to send heartbeat to 6
2025/05/20 20:16:25 server 0 try to send heartbeat to 3, prev_index 0, term 5
2025/05/20 20:16:25 server 0 try to send heartbeat to 6, prev_index 0, term 5
2025/05/20 20:16:25 server 3 received heartbeats from 0, prev_index 0, term 5, leadercommit 0
2025/05/20 20:16:25 server 6 received heartbeats from 0, prev_index 0, term 5, leadercommit 0
2025/05/20 20:16:25 server 6 reset ele time 20:16:27.563
2025/05/20 20:16:25 server 3 reset ele time 20:16:26.749
2025/05/20 20:16:25 server 0 try to send heartbeat to 5, prev_index 0, term 5
2025/05/20 20:16:25 server 0 try to send heartbeat to 2, prev_index 0, term 5
2025/05/20 20:16:25 server 2 received heartbeats from 0, prev_index 0, term 5, leadercommit 0
2025/05/20 20:16:25 server 2 reset ele time 20:16:27.481
2025/05/20 20:16:25 server 0 try to send heartbeat to 1, prev_index 0, term 5
2025/05/20 20:16:25 server 1 received heartbeats from 0, prev_index 0, term 5, leadercommit 0
2025/05/20 20:16:25 server 1 reset ele time 20:16:27.491
2025/05/20 20:16:25 server 0 try to send heartbeat to 4, prev_index 0, term 5
2025/05/20 20:16:25 server 0 try to send heartbeat to 6, prev_index 0, term 5
2025/05/20 20:16:25 server 0 try to send heartbeat to 2, prev_index 0, term 5
2025/05/20 20:16:25 server 6 received heartbeats from 0, prev_index 0, term 5, leadercommit 0
2025/05/20 20:16:25 server 6 reset ele time 20:16:27.675
2025/05/20 20:16:25 server 2 received heartbeats from 0, prev_index 0, term 5, leadercommit 0
2025/05/20 20:16:25 server 2 reset ele time 20:16:27.556
2025/05/20 20:16:25 server 0 try to send heartbeat to 1, prev_index 0, term 5
2025/05/20 20:16:25 server 0 try to send heartbeat to 4, prev_index 0, term 5
2025/05/20 20:16:25 server 0 try to send heartbeat to 3, prev_index 0, term 5
2025/05/20 20:16:25 server 1 received heartbeats from 0, prev_index 0, term 5, leadercommit 0
2025/05/20 20:16:25 server 1 reset ele time 20:16:27.493
2025/05/20 20:16:25 server 0 try to send heartbeat to 5, prev_index 0, term 5
2025/05/20 20:16:25 server 3 received heartbeats from 0, prev_index 0, term 5, leadercommit 0
2025/05/20 20:16:25 server 3 reset ele time 20:16:27.008
2025/05/20 20:16:25 server 4 fail to send heartbeat to 3
2025/05/20 20:16:25 ==== server 5 is reconnected ====
2025/05/20 20:16:25 ==== server 4 is reconnected ====
2025/05/20 20:16:25 ==== server 4 is reconnected ====
2025/05/20 20:16:25 ==== server 4 disconected ====
2025/05/20 20:16:25 ==== server 1 disconected ====
2025/05/20 20:16:25 ==== server 4 disconected ====
2025/05/20 20:16:25 
===== 4, 1, 4 disconnected =====
2025/05/20 20:16:25 server 3 RequestVote to 4 discarded
2025/05/20 20:16:25 server 4 fail to send heartbeat to 6
2025/05/20 20:16:25 server 4 fail to send heartbeat to 6
2025/05/20 20:16:25 server 3 RequestVote to 1 discarded
2025/05/20 20:16:25 server 4 fail to send heartbeat to 3
2025/05/20 20:16:26 server 4 fail to send heartbeat to 5
2025/05/20 20:16:26 server 4 fail to send heartbeat to 0
2025/05/20 20:16:26 server 4 fail to send heartbeat to 6
2025/05/20 20:16:26 server 6 RequestVote to 1 discarded
2025/05/20 20:16:26 server 4 fail to send heartbeat to 6
2025/05/20 20:16:26 server 0 try to send heartbeat to 1, prev_index 0, term 5
2025/05/20 20:16:26 server 0 try to send heartbeat to 6, prev_index 0, term 5
2025/05/20 20:16:26 server 0 try to send heartbeat to 4, prev_index 0, term 5
2025/05/20 20:16:26 server 0 try to send heartbeat to 3, prev_index 0, term 5
2025/05/20 20:16:26 server 0 try to send heartbeat to 5, prev_index 0, term 5
2025/05/20 20:16:26 server 6 received heartbeats from 0, prev_index 0, term 5, leadercommit 0
2025/05/20 20:16:26 server 6 reset ele time 20:16:27.246
2025/05/20 20:16:26 server 3 received heartbeats from 0, prev_index 0, term 5, leadercommit 0
2025/05/20 20:16:26 server 3 reset ele time 20:16:27.750
2025/05/20 20:16:26 server 0 try to send heartbeat to 2, prev_index 0, term 5
2025/05/20 20:16:26 server 5 received heartbeats from 0, prev_index 0, term 5, leadercommit 0
2025/05/20 20:16:26 server 5 reset ele time 20:16:27.647
2025/05/20 20:16:26 server 2 received heartbeats from 0, prev_index 0, term 5, leadercommit 0
2025/05/20 20:16:26 server 2 reset ele time 20:16:27.143
2025/05/20 20:16:26 server 4 fail to send heartbeat to 6
2025/05/20 20:16:26 server 0 try to send heartbeat to 3, prev_index 0, term 5
2025/05/20 20:16:26 server 0 try to send heartbeat to 4, prev_index 0, term 5
2025/05/20 20:16:26 server 3 received heartbeats from 0, prev_index 0, term 5, leadercommit 0
2025/05/20 20:16:26 server 3 reset ele time 20:16:27.202
2025/05/20 20:16:26 server 0 try to send heartbeat to 5, prev_index 0, term 5
2025/05/20 20:16:26 server 0 try to send heartbeat to 6, prev_index 0, term 5
2025/05/20 20:16:26 server 0 try to send heartbeat to 1, prev_index 0, term 5
2025/05/20 20:16:26 server 0 try to send heartbeat to 2, prev_index 0, term 5
2025/05/20 20:16:26 server 5 received heartbeats from 0, prev_index 0, term 5, leadercommit 0
2025/05/20 20:16:26 server 5 reset ele time 20:16:27.964
2025/05/20 20:16:26 server 6 received heartbeats from 0, prev_index 0, term 5, leadercommit 0
2025/05/20 20:16:26 server 6 reset ele time 20:16:28.085
2025/05/20 20:16:26 server 2 received heartbeats from 0, prev_index 0, term 5, leadercommit 0
2025/05/20 20:16:26 server 2 reset ele time 20:16:28.031
2025/05/20 20:16:26 server 1 RequestVote to 3 discarded
2025/05/20 20:16:26 ==== server 4 is reconnected ====
2025/05/20 20:16:26 ==== server 1 is reconnected ====
2025/05/20 20:16:26 ==== server 4 is reconnected ====
2025/05/20 20:16:26 ==== server 2 disconected ====
2025/05/20 20:16:26 ==== server 5 disconected ====
2025/05/20 20:16:26 ==== server 5 disconected ====
2025/05/20 20:16:26 
===== 2, 5, 5 disconnected =====
2025/05/20 20:16:26 server 1 RequestVote to 4 discarded
2025/05/20 20:16:26 server 0 try to send heartbeat to 1, prev_index 0, term 5
2025/05/20 20:16:26 server 0 try to send heartbeat to 6, prev_index 0, term 5
2025/05/20 20:16:26 server 0 try to send heartbeat to 3, prev_index 0, term 5
2025/05/20 20:16:26 server 1 received heartbeats from 0, prev_index 0, term 5, leadercommit 0
2025/05/20 20:16:26 server 1 reset ele time 20:16:27.546
2025/05/20 20:16:26 server 3 received heartbeats from 0, prev_index 0, term 5, leadercommit 0
2025/05/20 20:16:26 server 3 reset ele time 20:16:27.835
2025/05/20 20:16:26 server 6 received heartbeats from 0, prev_index 0, term 5, leadercommit 0
2025/05/20 20:16:26 server 6 reset ele time 20:16:27.323
2025/05/20 20:16:26 server 0 try to send heartbeat to 5, prev_index 0, term 5
2025/05/20 20:16:26 server 0 try to send heartbeat to 4, prev_index 0, term 5
2025/05/20 20:16:26 server 0 try to send heartbeat to 2, prev_index 0, term 5
2025/05/20 20:16:26 server 4 received heartbeats from 0, prev_index 0, term 5, leadercommit 0
2025/05/20 20:16:26 server 4 reset ele time 20:16:27.961
2025/05/20 20:16:26 server 4 fail to send heartbeat to 5
2025/05/20 20:16:26 server 3 fail to send heartbeat to 2
2025/05/20 20:16:26 server 4 fail to send heartbeat to 3
2025/05/20 20:16:26 server 3 RequestVote to 6 discarded
2025/05/20 20:16:26 server 0 fail to send heartbeat to 5
2025/05/20 20:16:26 server 0 try to send heartbeat to 6, prev_index 0, term 5
2025/05/20 20:16:26 server 0 try to send heartbeat to 2, prev_index 0, term 5
2025/05/20 20:16:26 server 0 try to send heartbeat to 1, prev_index 0, term 5
2025/05/20 20:16:26 server 6 received heartbeats from 0, prev_index 0, term 5, leadercommit 0
2025/05/20 20:16:26 server 1 received heartbeats from 0, prev_index 0, term 5, leadercommit 0
2025/05/20 20:16:26 server 0 try to send heartbeat to 3, prev_index 0, term 5
2025/05/20 20:16:26 server 0 try to send heartbeat to 4, prev_index 0, term 5
2025/05/20 20:16:26 server 3 received heartbeats from 0, prev_index 0, term 5, leadercommit 0
2025/05/20 20:16:26 server 3 reset ele time 20:16:28.420
2025/05/20 20:16:26 server 4 received heartbeats from 0, prev_index 0, term 5, leadercommit 0
2025/05/20 20:16:26 server 4 reset ele time 20:16:27.579
2025/05/20 20:16:26 server 0 try to send heartbeat to 5, prev_index 0, term 5
2025/05/20 20:16:26 server 6 reset ele time 20:16:28.242
2025/05/20 20:16:26 server 1 reset ele time 20:16:27.658
2025/05/20 20:16:26 server 6 RequestVote to 0 discarded
2025/05/20 20:16:26 server 4 fail to send heartbeat to 1
2025/05/20 20:16:26 server 4 fail to send heartbeat to 6
2025/05/20 20:16:26 server 3 fail to send heartbeat to 4
2025/05/20 20:16:26 server 4 fail to send heartbeat to 0
2025/05/20 20:16:26 server 4 fail to send heartbeat to 6
2025/05/20 20:16:26 server 4 fail to send heartbeat to 6
2025/05/20 20:16:26 server 0 try to send heartbeat to 6, prev_index 0, term 5
2025/05/20 20:16:26 server 0 try to send heartbeat to 1, prev_index 0, term 5
2025/05/20 20:16:26 server 0 try to send heartbeat to 4, prev_index 0, term 5
2025/05/20 20:16:26 server 6 received heartbeats from 0, prev_index 0, term 5, leadercommit 0
2025/05/20 20:16:26 server 1 received heartbeats from 0, prev_index 0, term 5, leadercommit 0
2025/05/20 20:16:26 server 1 reset ele time 20:16:28.259
2025/05/20 20:16:26 server 6 reset ele time 20:16:27.965
2025/05/20 20:16:26 server 0 try to send heartbeat to 2, prev_index 0, term 5
2025/05/20 20:16:26 server 0 try to send heartbeat to 3, prev_index 0, term 5
2025/05/20 20:16:26 server 0 try to send heartbeat to 5, prev_index 0, term 5
2025/05/20 20:16:26 server 3 received heartbeats from 0, prev_index 0, term 5, leadercommit 0
2025/05/20 20:16:26 server 3 reset ele time 20:16:28.603
2025/05/20 20:16:26 server 4 received heartbeats from 0, prev_index 0, term 5, leadercommit 0
2025/05/20 20:16:26 server 4 reset ele time 20:16:28.696
2025/05/20 20:16:26 server 0 RequestVote to 5 discarded
2025/05/20 20:16:26 ==== server 2 is reconnected ====
2025/05/20 20:16:26 ==== server 5 is reconnected ====
2025/05/20 20:16:26 ==== server 5 is reconnected ====
2025/05/20 20:16:26 server 4 fail to send heartbeat to 3
2025/05/20 20:16:26 server 4 fail to send heartbeat to 0
2025/05/20 20:16:26 server 4 fail to send heartbeat to 3
2025/05/20 20:16:26 server 3 fail to send heartbeat to 6
2025/05/20 20:16:26 server 0 try to send heartbeat to 1, prev_index 0, term 5
2025/05/20 20:16:26 server 0 try to send heartbeat to 2, prev_index 0, term 5
2025/05/20 20:16:26 server 0 try to send heartbeat to 6, prev_index 0, term 5
2025/05/20 20:16:26 server 0 try to send heartbeat to 5, prev_index 0, term 5
2025/05/20 20:16:26 server 1 received heartbeats from 0, prev_index 0, term 5, leadercommit 0
2025/05/20 20:16:26 server 2 received heartbeats from 0, prev_index 0, term 5, leadercommit 0
2025/05/20 20:16:26 server 1 reset ele time 20:16:28.770
2025/05/20 20:16:26 server 0 try to send heartbeat to 4, prev_index 0, term 5
2025/05/20 20:16:26 server 2 reset ele time 20:16:28.013
2025/05/20 20:16:26 server 6 received heartbeats from 0, prev_index 0, term 5, leadercommit 0
2025/05/20 20:16:26 server 6 reset ele time 20:16:28.432
2025/05/20 20:16:26 server 4 received heartbeats from 0, prev_index 0, term 5, leadercommit 0
2025/05/20 20:16:26 server 4 reset ele time 20:16:28.358
2025/05/20 20:16:26 server 0 try to send heartbeat to 3, prev_index 0, term 5
2025/05/20 20:16:26 server 5 received heartbeats from 0, prev_index 0, term 5, leadercommit 0
2025/05/20 20:16:26 server 5 reset ele time 20:16:28.231
2025/05/20 20:16:26 server 3 received heartbeats from 0, prev_index 0, term 5, leadercommit 0
2025/05/20 20:16:26 server 3 reset ele time 20:16:28.843
2025/05/20 20:16:26 server 4 fail to send heartbeat to 3
2025/05/20 20:16:27 server 3 fail to send heartbeat to 4
2025/05/20 20:16:27 server 4 fail to send heartbeat to 5
2025/05/20 20:16:27 server 4 fail to send heartbeat to 2
2025/05/20 20:16:27 server 0 try to send heartbeat to 6, prev_index 0, term 5
2025/05/20 20:16:27 server 0 try to send heartbeat to 5, prev_index 0, term 5
2025/05/20 20:16:27 server 5 received heartbeats from 0, prev_index 0, term 5, leadercommit 0
2025/05/20 20:16:27 server 5 reset ele time 20:16:28.673
2025/05/20 20:16:27 server 6 received heartbeats from 0, prev_index 0, term 5, leadercommit 0
2025/05/20 20:16:27 server 6 reset ele time 20:16:29.223
2025/05/20 20:16:27 server 0 try to send heartbeat to 1, prev_index 0, term 5
2025/05/20 20:16:27 server 0 try to send heartbeat to 2, prev_index 0, term 5
2025/05/20 20:16:27 server 2 received heartbeats from 0, prev_index 0, term 5, leadercommit 0
2025/05/20 20:16:27 server 2 reset ele time 20:16:28.801
2025/05/20 20:16:27 server 0 try to send heartbeat to 4, prev_index 0, term 5
2025/05/20 20:16:27 server 4 received heartbeats from 0, prev_index 0, term 5, leadercommit 0
2025/05/20 20:16:27 server 4 reset ele time 20:16:28.866
2025/05/20 20:16:27 server 0 try to send heartbeat to 3, prev_index 0, term 5
2025/05/20 20:16:27 server 1 received heartbeats from 0, prev_index 0, term 5, leadercommit 0
2025/05/20 20:16:27 server 1 reset ele time 20:16:28.394
2025/05/20 20:16:27 server 3 received heartbeats from 0, prev_index 0, term 5, leadercommit 0
2025/05/20 20:16:27 server 3 reset ele time 20:16:28.740
2025/05/20 20:16:27 server 0 fail to send heartbeat to 3
2025/05/20 20:16:27 server 3 fail to send heartbeat to 5
  ... Passed --   8.6  7   300    0
FAIL
exit status 1
FAIL    6.5840/raft1    18.190s